Flow report for Lab_LSI
Tue Apr 26 08:17:58 2022
Quartus II 64-Bit Version 13.1.0 Build 162 10/23/2013 SJ Web Edition


---------------------
; Table of Contents ;
---------------------
  1. Legal Notice
  2. Flow Summary
  3. Flow Settings
  4. Flow Non-Default Global Settings
  5. Flow Elapsed Time
  6. Flow OS Summary
  7. Flow Log
  8. Flow Messages
  9. Flow Suppressed Messages



----------------
; Legal Notice ;
----------------
Copyright (C) 1991-2013 Altera Corporation
Your use of Altera Corporation's design tools, logic functions 
and other software and tools, and its AMPP partner logic 
functions, and any output files from any of the foregoing 
(including device programming or simulation files), and any 
associated documentation or information are expressly subject 
to the terms and conditions of the Altera Program License 
Subscription Agreement, Altera MegaCore Function License 
Agreement, or other applicable license agreement, including, 
without limitation, that your use is for the sole purpose of 
programming logic devices manufactured by Altera and sold by 
Altera or its authorized distributors.  Please refer to the 
applicable agreement for further details.



+------------------------------------------------------------------------------+
; Flow Summary                                                                 ;
+---------------------------------+--------------------------------------------+
; Flow Status                     ; Successful - Tue Apr 26 08:17:58 2022      ;
; Quartus II 64-Bit Version       ; 13.1.0 Build 162 10/23/2013 SJ Web Edition ;
; Revision Name                   ; Lab_LSI                                    ;
; Top-level Entity Name           ; Flash_bounder                              ;
; Family                          ; Cyclone V                                  ;
; Device                          ; 5CSEBA6U23I7                               ;
; Timing Models                   ; Preliminary                                ;
; Logic utilization (in ALMs)     ; 62 / 41,910 ( < 1 % )                      ;
; Total registers                 ; 38                                         ;
; Total pins                      ; 19 / 314 ( 6 % )                           ;
; Total virtual pins              ; 0                                          ;
; Total block memory bits         ; 0 / 5,662,720 ( 0 % )                      ;
; Total DSP Blocks                ; 0 / 112 ( 0 % )                            ;
; Total HSSI RX PCSs              ; 0                                          ;
; Total HSSI PMA RX Deserializers ; 0                                          ;
; Total HSSI TX PCSs              ; 0                                          ;
; Total HSSI TX Channels          ; 0                                          ;
; Total PLLs                      ; 0 / 6 ( 0 % )                              ;
; Total DLLs                      ; 0 / 4 ( 0 % )                              ;
+---------------------------------+--------------------------------------------+


+-----------------------------------------+
; Flow Settings                           ;
+-------------------+---------------------+
; Option            ; Setting             ;
+-------------------+---------------------+
; Start date & time ; 04/26/2022 08:17:09 ;
; Main task         ; Compilation         ;
; Revision Name     ; Lab_LSI             ;
+-------------------+---------------------+


+----------------------------------------------------------------------------------------------------------------------+
; Flow Non-Default Global Settings                                                                                     ;
+-------------------------------------+-------------------------------+---------------+---------------+----------------+
; Assignment Name                     ; Value                         ; Default Value ; Entity Name   ; Section Id     ;
+-------------------------------------+-------------------------------+---------------+---------------+----------------+
; COMPILER_SIGNATURE_ID               ; 9413547789082.165093582916520 ; --            ; --            ; --             ;
; EDA_OUTPUT_DATA_FORMAT              ; Vhdl                          ; --            ; --            ; eda_simulation ;
; EDA_SIMULATION_TOOL                 ; ModelSim-Altera (VHDL)        ; <None>        ; --            ; --             ;
; MAX_CORE_JUNCTION_TEMP              ; 100                           ; --            ; --            ; --             ;
; MIN_CORE_JUNCTION_TEMP              ; -40                           ; --            ; --            ; --             ;
; PARTITION_COLOR                     ; 16764057                      ; --            ; Flash_bounder ; Top            ;
; PARTITION_FITTER_PRESERVATION_LEVEL ; PLACEMENT_AND_ROUTING         ; --            ; Flash_bounder ; Top            ;
; PARTITION_NETLIST_TYPE              ; SOURCE                        ; --            ; Flash_bounder ; Top            ;
; PROJECT_OUTPUT_DIRECTORY            ; output_files                  ; --            ; --            ; --             ;
; TOP_LEVEL_ENTITY                    ; Flash_bounder                 ; Lab_LSI       ; --            ; --             ;
+-------------------------------------+-------------------------------+---------------+---------------+----------------+


+-------------------------------------------------------------------------------------------------------------------------------+
; Flow Elapsed Time                                                                                                             ;
+---------------------------+--------------+-------------------------+---------------------+------------------------------------+
; Module Name               ; Elapsed Time ; Average Processors Used ; Peak Virtual Memory ; Total CPU Time (on all processors) ;
+---------------------------+--------------+-------------------------+---------------------+------------------------------------+
; Analysis & Synthesis      ; 00:00:01     ; 1.0                     ; 4671 MB             ; 00:00:01                           ;
; Fitter                    ; 00:00:31     ; 1.0                     ; 5617 MB             ; 00:00:29                           ;
; Assembler                 ; 00:00:07     ; 1.0                     ; 4745 MB             ; 00:00:06                           ;
; TimeQuest Timing Analyzer ; 00:00:04     ; 1.0                     ; 4929 MB             ; 00:00:04                           ;
; EDA Netlist Writer        ; 00:00:01     ; 1.0                     ; 4607 MB             ; 00:00:01                           ;
; Total                     ; 00:00:44     ; --                      ; --                  ; 00:00:41                           ;
+---------------------------+--------------+-------------------------+---------------------+------------------------------------+


+----------------------------------------------------------------------------------------+
; Flow OS Summary                                                                        ;
+---------------------------+------------------+-----------+------------+----------------+
; Module Name               ; Machine Hostname ; OS Name   ; OS Version ; Processor type ;
+---------------------------+------------------+-----------+------------+----------------+
; Analysis & Synthesis      ; LAPTOP-SN5AN3RA  ; Windows 7 ; 6.2        ; x86_64         ;
; Fitter                    ; LAPTOP-SN5AN3RA  ; Windows 7 ; 6.2        ; x86_64         ;
; Assembler                 ; LAPTOP-SN5AN3RA  ; Windows 7 ; 6.2        ; x86_64         ;
; TimeQuest Timing Analyzer ; LAPTOP-SN5AN3RA  ; Windows 7 ; 6.2        ; x86_64         ;
; EDA Netlist Writer        ; LAPTOP-SN5AN3RA  ; Windows 7 ; 6.2        ; x86_64         ;
+---------------------------+------------------+-----------+------------+----------------+


------------
; Flow Log ;
------------
quartus_map --read_settings_files=on --write_settings_files=off Lab_LSI -c Lab_LSI
quartus_fit --read_settings_files=off --write_settings_files=off Lab_LSI -c Lab_LSI
quartus_asm --read_settings_files=off --write_settings_files=off Lab_LSI -c Lab_LSI
quartus_sta Lab_LSI -c Lab_LSI
quartus_eda --read_settings_files=off --write_settings_files=off Lab_LSI -c Lab_LSI



